D:\程序设计实践教材\10.10家\STUDENTINFO\DEBUG\STUDENTINFO.EXE
D:\程序设计实践教材\10.10家\STUDENTINFO\DEBUG\STUDENTINFO.ILK
D:\程序设计实践教材\10.10家\STUDENTINFO\DEBUG\STUDENTINFO.PDB
D:\程序设计实践教材\10.10家\STUDENTINFO\STUDENTINFO\DEBUG\CCOURSEDLG.OBJ
D:\程序设计实践教材\10.10家\STUDENTINFO\STUDENTINFO\DEBUG\CCOURSESET.OBJ
D:\程序设计实践教材\10.10家\STUDENTINFO\STUDENTINFO\DEBUG\CGRADEDLG.OBJ
D:\程序设计实践教材\10.10家\STUDENTINFO\STUDENTINFO\DEBUG\CGRADESET.OBJ
D:\程序设计实践教材\10.10家\STUDENTINFO\StudentInfo\Debug\cl.command.1.tlog
D:\程序设计实践教材\10.10家\STUDENTINFO\StudentInfo\Debug\CL.read.1.tlog
D:\程序设计实践教材\10.10家\STUDENTINFO\StudentInfo\Debug\CL.write.1.tlog
D:\程序设计实践教材\10.10家\STUDENTINFO\STUDENTINFO\DEBUG\CSCCHOICEDLG.OBJ
D:\程序设计实践教材\10.10家\STUDENTINFO\STUDENTINFO\DEBUG\CSCCHOICESET.OBJ
D:\程序设计实践教材\10.10家\STUDENTINFO\STUDENTINFO\DEBUG\CSTUDENTDLG.OBJ
D:\程序设计实践教材\10.10家\STUDENTINFO\STUDENTINFO\DEBUG\CSTUDENTSET.OBJ
D:\程序设计实践教材\10.10家\STUDENTINFO\StudentInfo\Debug\link.1332.read.1.tlog
D:\程序设计实践教材\10.10家\STUDENTINFO\StudentInfo\Debug\link.1332.write.1.tlog
D:\程序设计实践教材\10.10家\STUDENTINFO\StudentInfo\Debug\link.1332-cvtres.read.1.tlog
D:\程序设计实践教材\10.10家\STUDENTINFO\StudentInfo\Debug\link.1332-cvtres.write.1.tlog
D:\程序设计实践教材\10.10家\STUDENTINFO\StudentInfo\Debug\link.1992.read.1.tlog
D:\程序设计实践教材\10.10家\STUDENTINFO\StudentInfo\Debug\link.1992.write.1.tlog
D:\程序设计实践教材\10.10家\STUDENTINFO\StudentInfo\Debug\link.1992-cvtres.read.1.tlog
D:\程序设计实践教材\10.10家\STUDENTINFO\StudentInfo\Debug\link.1992-cvtres.write.1.tlog
D:\程序设计实践教材\10.10家\STUDENTINFO\StudentInfo\Debug\link.4300.read.1.tlog
D:\程序设计实践教材\10.10家\STUDENTINFO\StudentInfo\Debug\link.4300.write.1.tlog
D:\程序设计实践教材\10.10家\STUDENTINFO\StudentInfo\Debug\link.4300-cvtres.read.1.tlog
D:\程序设计实践教材\10.10家\STUDENTINFO\StudentInfo\Debug\link.4300-cvtres.write.1.tlog
D:\程序设计实践教材\10.10家\STUDENTINFO\StudentInfo\Debug\link.4552.read.1.tlog
D:\程序设计实践教材\10.10家\STUDENTINFO\StudentInfo\Debug\link.4552.write.1.tlog
D:\程序设计实践教材\10.10家\STUDENTINFO\StudentInfo\Debug\link.4552-cvtres.read.1.tlog
D:\程序设计实践教材\10.10家\STUDENTINFO\StudentInfo\Debug\link.4552-cvtres.write.1.tlog
D:\程序设计实践教材\10.10家\STUDENTINFO\StudentInfo\Debug\link.4708.read.1.tlog
D:\程序设计实践教材\10.10家\STUDENTINFO\StudentInfo\Debug\link.4708.write.1.tlog
D:\程序设计实践教材\10.10家\STUDENTINFO\StudentInfo\Debug\link.4708-cvtres.read.1.tlog
D:\程序设计实践教材\10.10家\STUDENTINFO\StudentInfo\Debug\link.4708-cvtres.write.1.tlog
D:\程序设计实践教材\10.10家\STUDENTINFO\StudentInfo\Debug\link.4888.read.1.tlog
D:\程序设计实践教材\10.10家\STUDENTINFO\StudentInfo\Debug\link.4888.write.1.tlog
D:\程序设计实践教材\10.10家\STUDENTINFO\StudentInfo\Debug\link.4888-cvtres.read.1.tlog
D:\程序设计实践教材\10.10家\STUDENTINFO\StudentInfo\Debug\link.4888-cvtres.write.1.tlog
D:\程序设计实践教材\10.10家\STUDENTINFO\StudentInfo\Debug\link.4900.read.1.tlog
D:\程序设计实践教材\10.10家\STUDENTINFO\StudentInfo\Debug\link.4900.write.1.tlog
D:\程序设计实践教材\10.10家\STUDENTINFO\StudentInfo\Debug\link.4900-cvtres.read.1.tlog
D:\程序设计实践教材\10.10家\STUDENTINFO\StudentInfo\Debug\link.4900-cvtres.write.1.tlog
D:\程序设计实践教材\10.10家\STUDENTINFO\StudentInfo\Debug\link.5728.read.1.tlog
D:\程序设计实践教材\10.10家\STUDENTINFO\StudentInfo\Debug\link.5728.write.1.tlog
D:\程序设计实践教材\10.10家\STUDENTINFO\StudentInfo\Debug\link.5728-cvtres.read.1.tlog
D:\程序设计实践教材\10.10家\STUDENTINFO\StudentInfo\Debug\link.5728-cvtres.write.1.tlog
D:\程序设计实践教材\10.10家\STUDENTINFO\StudentInfo\Debug\link.6764.read.1.tlog
D:\程序设计实践教材\10.10家\STUDENTINFO\StudentInfo\Debug\link.6764.write.1.tlog
D:\程序设计实践教材\10.10家\STUDENTINFO\StudentInfo\Debug\link.6764-cvtres.read.1.tlog
D:\程序设计实践教材\10.10家\STUDENTINFO\StudentInfo\Debug\link.6764-cvtres.write.1.tlog
D:\程序设计实践教材\10.10家\STUDENTINFO\StudentInfo\Debug\link.7404.read.1.tlog
D:\程序设计实践教材\10.10家\STUDENTINFO\StudentInfo\Debug\link.7404.write.1.tlog
D:\程序设计实践教材\10.10家\STUDENTINFO\StudentInfo\Debug\link.7404-cvtres.read.1.tlog
D:\程序设计实践教材\10.10家\STUDENTINFO\StudentInfo\Debug\link.7404-cvtres.write.1.tlog
D:\程序设计实践教材\10.10家\STUDENTINFO\StudentInfo\Debug\link.7660.read.1.tlog
D:\程序设计实践教材\10.10家\STUDENTINFO\StudentInfo\Debug\link.7660.write.1.tlog
D:\程序设计实践教材\10.10家\STUDENTINFO\StudentInfo\Debug\link.7660-cvtres.read.1.tlog
D:\程序设计实践教材\10.10家\STUDENTINFO\StudentInfo\Debug\link.7660-cvtres.write.1.tlog
D:\程序设计实践教材\10.10家\STUDENTINFO\StudentInfo\Debug\link.8024.read.1.tlog
D:\程序设计实践教材\10.10家\STUDENTINFO\StudentInfo\Debug\link.8024.write.1.tlog
D:\程序设计实践教材\10.10家\STUDENTINFO\StudentInfo\Debug\link.8024-cvtres.read.1.tlog
D:\程序设计实践教材\10.10家\STUDENTINFO\StudentInfo\Debug\link.8024-cvtres.write.1.tlog
D:\程序设计实践教材\10.10家\STUDENTINFO\StudentInfo\Debug\link.command.1.tlog
D:\程序设计实践教材\10.10家\STUDENTINFO\StudentInfo\Debug\link.read.1.tlog
D:\程序设计实践教材\10.10家\STUDENTINFO\StudentInfo\Debug\link.write.1.tlog
D:\程序设计实践教材\10.10家\STUDENTINFO\StudentInfo\Debug\link-cvtres.read.1.tlog
D:\程序设计实践教材\10.10家\STUDENTINFO\StudentInfo\Debug\link-cvtres.write.1.tlog
D:\程序设计实践教材\10.10家\STUDENTINFO\StudentInfo\Debug\mt.command.1.tlog
D:\程序设计实践教材\10.10家\STUDENTINFO\StudentInfo\Debug\mt.read.1.tlog
D:\程序设计实践教材\10.10家\STUDENTINFO\StudentInfo\Debug\mt.write.1.tlog
D:\程序设计实践教材\10.10家\STUDENTINFO\StudentInfo\Debug\rc.command.1.tlog
D:\程序设计实践教材\10.10家\STUDENTINFO\StudentInfo\Debug\rc.read.1.tlog
D:\程序设计实践教材\10.10家\STUDENTINFO\StudentInfo\Debug\rc.write.1.tlog
D:\程序设计实践教材\10.10家\STUDENTINFO\STUDENTINFO\DEBUG\STDAFX.OBJ
D:\程序设计实践教材\10.10家\STUDENTINFO\StudentInfo\Debug\StudentInfo.exe.embed.manifest
D:\程序设计实践教材\10.10家\STUDENTINFO\STUDENTINFO\DEBUG\STUDENTINFO.EXE.EMBED.MANIFEST.RES
D:\程序设计实践教材\10.10家\STUDENTINFO\STUDENTINFO\DEBUG\STUDENTINFO.EXE.INTERMEDIATE.MANIFEST
D:\程序设计实践教材\10.10家\STUDENTINFO\StudentInfo\Debug\STUDENTINFO.ilk
D:\程序设计实践教材\10.10家\STUDENTINFO\STUDENTINFO\DEBUG\STUDENTINFO.OBJ
D:\程序设计实践教材\10.10家\STUDENTINFO\STUDENTINFO\DEBUG\STUDENTINFO.PCH
D:\程序设计实践教材\10.10家\STUDENTINFO\StudentInfo\Debug\STUDENTINFO.pdb
D:\程序设计实践教材\10.10家\STUDENTINFO\STUDENTINFO\DEBUG\STUDENTINFO.RES
D:\程序设计实践教材\10.10家\STUDENTINFO\StudentInfo\Debug\StudentInfo_manifest.rc
D:\程序设计实践教材\10.10家\STUDENTINFO\STUDENTINFO\DEBUG\STUDENTINFODLG.OBJ
D:\程序设计实践教材\10.10家\STUDENTINFO\StudentInfo\Debug\vc100.idb
D:\程序设计实践教材\10.10家\STUDENTINFO\STUDENTINFO\DEBUG\VC100.PDB
D:\程序设计实践教材\10.9家\STUDENTINFO\DEBUG\STUDENTINFO.EXE
D:\程序设计实践教材\10.9家\STUDENTINFO\DEBUG\STUDENTINFO.ILK
D:\程序设计实践教材\10.9家\STUDENTINFO\DEBUG\STUDENTINFO.PDB
D:\程序设计实践教材\10.9家\STUDENTINFO\STUDENTINFO\DEBUG\CCOURSEDLG.OBJ
D:\程序设计实践教材\10.9家\STUDENTINFO\STUDENTINFO\DEBUG\CCOURSESET.OBJ
D:\程序设计实践教材\10.9家\STUDENTINFO\STUDENTINFO\DEBUG\CGRADESET.OBJ
D:\程序设计实践教材\10.9家\STUDENTINFO\STUDENTINFO\DEBUG\CSCCHOICESET.OBJ
D:\程序设计实践教材\10.9家\STUDENTINFO\STUDENTINFO\DEBUG\CSTUDENTDLG.OBJ
D:\程序设计实践教材\10.9家\STUDENTINFO\STUDENTINFO\DEBUG\CSTUDENTSET.OBJ
D:\程序设计实践教材\10.9家\STUDENTINFO\STUDENTINFO\DEBUG\STDAFX.OBJ
D:\程序设计实践教材\10.9家\STUDENTINFO\STUDENTINFO\DEBUG\STUDENTINFO.EXE.EMBED.MANIFEST.RES
D:\程序设计实践教材\10.9家\STUDENTINFO\STUDENTINFO\DEBUG\STUDENTINFO.EXE.INTERMEDIATE.MANIFEST
D:\程序设计实践教材\10.9家\STUDENTINFO\STUDENTINFO\DEBUG\STUDENTINFO.OBJ
D:\程序设计实践教材\10.9家\STUDENTINFO\STUDENTINFO\DEBUG\STUDENTINFO.PCH
D:\程序设计实践教材\10.9家\STUDENTINFO\STUDENTINFO\DEBUG\STUDENTINFO.RES
D:\程序设计实践教材\10.9家\STUDENTINFO\STUDENTINFO\DEBUG\STUDENTINFODLG.OBJ
D:\程序设计实践教材\10.9家\STUDENTINFO\STUDENTINFO\DEBUG\VC100.PDB
D:\程序设计实践教材\STUDENTINFO\DEBUG\STUDENTINFO.EXE
D:\程序设计实践教材\STUDENTINFO\DEBUG\STUDENTINFO.ILK
D:\程序设计实践教材\STUDENTINFO\DEBUG\STUDENTINFO.PDB
D:\程序设计实践教材\STUDENTINFO\STUDENTINFO\DEBUG\STDAFX.OBJ
D:\程序设计实践教材\STUDENTINFO\STUDENTINFO\DEBUG\STUDENTINFO.EXE.EMBED.MANIFEST
D:\程序设计实践教材\STUDENTINFO\STUDENTINFO\DEBUG\STUDENTINFO.EXE.EMBED.MANIFEST.RES
D:\程序设计实践教材\STUDENTINFO\STUDENTINFO\DEBUG\STUDENTINFO.EXE.INTERMEDIATE.MANIFEST
D:\程序设计实践教材\STUDENTINFO\STUDENTINFO\DEBUG\STUDENTINFO.OBJ
D:\程序设计实践教材\STUDENTINFO\STUDENTINFO\DEBUG\STUDENTINFO.PCH
D:\程序设计实践教材\STUDENTINFO\STUDENTINFO\DEBUG\STUDENTINFO.RES
D:\程序设计实践教材\STUDENTINFO\STUDENTINFO\DEBUG\STUDENTINFODLG.OBJ
D:\程序设计实践教材\STUDENTINFO\STUDENTINFO\DEBUG\VC100.PDB
E:\程序设计实践教材\10.9办\STUDENTINFO\DEBUG\STUDENTINFO.EXE
E:\程序设计实践教材\10.9办\STUDENTINFO\DEBUG\STUDENTINFO.ILK
E:\程序设计实践教材\10.9办\STUDENTINFO\DEBUG\STUDENTINFO.PDB
E:\程序设计实践教材\10.9办\STUDENTINFO\STUDENTINFO\DEBUG\CCOURSEDLG.OBJ
E:\程序设计实践教材\10.9办\STUDENTINFO\STUDENTINFO\DEBUG\CCOURSESET.OBJ
E:\程序设计实践教材\10.9办\STUDENTINFO\STUDENTINFO\DEBUG\CGRADEDLG.OBJ
E:\程序设计实践教材\10.9办\STUDENTINFO\STUDENTINFO\DEBUG\CGRADESET.OBJ
E:\程序设计实践教材\10.9办\STUDENTINFO\STUDENTINFO\DEBUG\CSCCHOICEDLG.OBJ
E:\程序设计实践教材\10.9办\STUDENTINFO\STUDENTINFO\DEBUG\CSCCHOICESET.OBJ
E:\程序设计实践教材\10.9办\STUDENTINFO\STUDENTINFO\DEBUG\CSTUDENTDLG.OBJ
E:\程序设计实践教材\10.9办\STUDENTINFO\STUDENTINFO\DEBUG\CSTUDENTSET.OBJ
E:\程序设计实践教材\10.9办\STUDENTINFO\STUDENTINFO\DEBUG\STDAFX.OBJ
E:\程序设计实践教材\10.9办\STUDENTINFO\STUDENTINFO\DEBUG\STUDENTINFO.EXE.EMBED.MANIFEST.RES
E:\程序设计实践教材\10.9办\STUDENTINFO\STUDENTINFO\DEBUG\STUDENTINFO.EXE.INTERMEDIATE.MANIFEST
E:\程序设计实践教材\10.9办\STUDENTINFO\STUDENTINFO\DEBUG\STUDENTINFO.OBJ
E:\程序设计实践教材\10.9办\STUDENTINFO\STUDENTINFO\DEBUG\STUDENTINFO.PCH
E:\程序设计实践教材\10.9办\STUDENTINFO\STUDENTINFO\DEBUG\STUDENTINFO.RES
E:\程序设计实践教材\10.9办\STUDENTINFO\STUDENTINFO\DEBUG\STUDENTINFODLG.OBJ
E:\程序设计实践教材\10.9办\STUDENTINFO\STUDENTINFO\DEBUG\VC100.PDB
E:\程序设计实践教材\STUDENTINFO\DEBUG\STUDENTINFO.EXE
E:\程序设计实践教材\STUDENTINFO\DEBUG\STUDENTINFO.ILK
E:\程序设计实践教材\STUDENTINFO\DEBUG\STUDENTINFO.PDB
E:\程序设计实践教材\STUDENTINFO\STUDENTINFO\DEBUG\CCOURSESET.OBJ
E:\程序设计实践教材\STUDENTINFO\STUDENTINFO\DEBUG\CGRADESET.OBJ
E:\程序设计实践教材\STUDENTINFO\STUDENTINFO\DEBUG\CSTUDENTDLG.OBJ
E:\程序设计实践教材\STUDENTINFO\STUDENTINFO\DEBUG\CSTUDENTSET.OBJ
E:\程序设计实践教材\STUDENTINFO\STUDENTINFO\DEBUG\STDAFX.OBJ
E:\程序设计实践教材\STUDENTINFO\STUDENTINFO\DEBUG\STUDENTINFO.EXE.EMBED.MANIFEST
E:\程序设计实践教材\STUDENTINFO\STUDENTINFO\DEBUG\STUDENTINFO.EXE.EMBED.MANIFEST.RES
E:\程序设计实践教材\STUDENTINFO\STUDENTINFO\DEBUG\STUDENTINFO.EXE.INTERMEDIATE.MANIFEST
E:\程序设计实践教材\STUDENTINFO\STUDENTINFO\DEBUG\STUDENTINFO.OBJ
E:\程序设计实践教材\STUDENTINFO\STUDENTINFO\DEBUG\STUDENTINFO.PCH
E:\程序设计实践教材\STUDENTINFO\STUDENTINFO\DEBUG\STUDENTINFO.RES
E:\程序设计实践教材\STUDENTINFO\STUDENTINFO\DEBUG\STUDENTINFODLG.OBJ
E:\程序设计实践教材\STUDENTINFO\STUDENTINFO\DEBUG\VC100.PDB
